  [1m[35m (2.4ms)[0m  [1m[35mSET NAMES utf8,  @@SESSION.sql_mode = CONCAT(CONCAT(@@sql_mode, ',STRICT_ALL_TABLES'), ',NO_AUTO_VALUE_ON_ZERO'),  @@SESSION.sql_auto_is_null = 0, @@SESSION.wait_timeout = 2147483[0m
  [1m[35m (25.3ms)[0m  [1m[35mCREATE TABLE `schema_migrations` (`version` varchar(255) NOT NULL PRIMARY KEY)[0m
  [1m[35m (10.8ms)[0m  [1m[35mCREATE TABLE `ar_internal_metadata` (`key` varchar(255) NOT NULL PRIMARY KEY, `value` varchar(255), `created_at` datetime(6) NOT NULL, `updated_at` datetime(6) NOT NULL)[0m
  [1m[35m (2.5ms)[0m  [1m[34mSELECT GET_LOCK('1889412250694455305', 0)[0m
  [1m[35m (6.7ms)[0m  [1m[34mSELECT `schema_migrations`.`version` FROM `schema_migrations` ORDER BY `schema_migrations`.`version` ASC[0m
Migrating to CreateShortUrls (20190923133432)
  [1m[35m (17.2ms)[0m  [1m[35mCREATE TABLE `short_urls` (`id` bigint NOT NULL AUTO_INCREMENT PRIMARY KEY, `full_url` varchar(255), `click_count` int, `created_at` datetime(6) NOT NULL, `updated_at` datetime(6) NOT NULL,  INDEX `index_short_urls_on_full_url`  (`full_url`))[0m
  [1m[35m (0.4ms)[0m  [1m[35mBEGIN[0m
  [1m[36mprimary::SchemaMigration Create (1.2ms)[0m  [1m[32mINSERT INTO `schema_migrations` (`version`) VALUES ('20190923133432')[0m
  [1m[35m (4.1ms)[0m  [1m[35mCOMMIT[0m
  [1m[36mActiveRecord::InternalMetadata Load (1.1ms)[0m  [1m[34mSELECT `ar_internal_metadata`.* FROM `ar_internal_metadata` WHERE `ar_internal_metadata`.`key` = 'environment' LIMIT 1[0m
  [1m[35m (0.4ms)[0m  [1m[35mBEGIN[0m
  [1m[36mActiveRecord::InternalMetadata Create (0.7ms)[0m  [1m[32mINSERT INTO `ar_internal_metadata` (`key`, `value`, `created_at`, `updated_at`) VALUES ('environment', 'development', '2019-09-23 13:38:54.868488', '2019-09-23 13:38:54.868488')[0m
  [1m[35m (4.0ms)[0m  [1m[35mCOMMIT[0m
  [1m[35m (0.5ms)[0m  [1m[34mSELECT RELEASE_LOCK('1889412250694455305')[0m
  [1m[35m (0.4ms)[0m  [1m[35mSET NAMES utf8,  @@SESSION.sql_mode = CONCAT(CONCAT(@@sql_mode, ',STRICT_ALL_TABLES'), ',NO_AUTO_VALUE_ON_ZERO'),  @@SESSION.sql_auto_is_null = 0, @@SESSION.wait_timeout = 2147483[0m
  [1m[35m (0.8ms)[0m  [1m[34mSELECT `schema_migrations`.`version` FROM `schema_migrations` ORDER BY `schema_migrations`.`version` ASC[0m
  [1m[35m (1.3ms)[0m  [1m[35mSET NAMES utf8,  @@SESSION.sql_mode = CONCAT(CONCAT(@@sql_mode, ',STRICT_ALL_TABLES'), ',NO_AUTO_VALUE_ON_ZERO'),  @@SESSION.sql_auto_is_null = 0, @@SESSION.wait_timeout = 2147483[0m
  [1m[35m (0.6ms)[0m  [1m[34mSELECT GET_LOCK('1889412250694455305', 0)[0m
  [1m[35m (0.9ms)[0m  [1m[34mSELECT `schema_migrations`.`version` FROM `schema_migrations` ORDER BY `schema_migrations`.`version` ASC[0m
Migrating to CreateShortUrls (20190923133432)
  [1m[35m (31.9ms)[0m  [1m[35mDROP TABLE `short_urls`[0m
  [1m[36mprimary::SchemaMigration Destroy (11.2ms)[0m  [1m[31mDELETE FROM `schema_migrations` WHERE `schema_migrations`.`version` = '20190923133432'[0m
  [1m[35m (0.8ms)[0m  [1m[34mSELECT RELEASE_LOCK('1889412250694455305')[0m
  [1m[35m (0.8ms)[0m  [1m[35mSET NAMES utf8,  @@SESSION.sql_mode = CONCAT(CONCAT(@@sql_mode, ',STRICT_ALL_TABLES'), ',NO_AUTO_VALUE_ON_ZERO'),  @@SESSION.sql_auto_is_null = 0, @@SESSION.wait_timeout = 2147483[0m
  [1m[35m (3.0ms)[0m  [1m[34mSELECT `schema_migrations`.`version` FROM `schema_migrations` ORDER BY `schema_migrations`.`version` ASC[0m
  [1m[35m (0.3ms)[0m  [1m[34mSELECT GET_LOCK('1889412250694455305', 0)[0m
  [1m[35m (0.4ms)[0m  [1m[34mSELECT `schema_migrations`.`version` FROM `schema_migrations` ORDER BY `schema_migrations`.`version` ASC[0m
Migrating to CreateShortUrls (20190923133432)
  [1m[35m (26.5ms)[0m  [1m[35mCREATE TABLE `short_urls` (`id` bigint NOT NULL AUTO_INCREMENT PRIMARY KEY, `full_url` varchar(255), `click_count` int DEFAULT 0, `created_at` datetime(6) NOT NULL, `updated_at` datetime(6) NOT NULL,  INDEX `index_short_urls_on_full_url`  (`full_url`))[0m
  [1m[35m (0.4ms)[0m  [1m[35mBEGIN[0m
  [1m[36mprimary::SchemaMigration Create (0.6ms)[0m  [1m[32mINSERT INTO `schema_migrations` (`version`) VALUES ('20190923133432')[0m
  [1m[35m (4.6ms)[0m  [1m[35mCOMMIT[0m
  [1m[36mActiveRecord::InternalMetadata Load (1.1ms)[0m  [1m[34mSELECT `ar_internal_metadata`.* FROM `ar_internal_metadata` WHERE `ar_internal_metadata`.`key` = 'environment' LIMIT 1[0m
  [1m[35m (1.5ms)[0m  [1m[34mSELECT RELEASE_LOCK('1889412250694455305')[0m
  [1m[35m (0.4ms)[0m  [1m[35mSET NAMES utf8,  @@SESSION.sql_mode = CONCAT(CONCAT(@@sql_mode, ',STRICT_ALL_TABLES'), ',NO_AUTO_VALUE_ON_ZERO'),  @@SESSION.sql_auto_is_null = 0, @@SESSION.wait_timeout = 2147483[0m
  [1m[35m (0.8ms)[0m  [1m[34mSELECT `schema_migrations`.`version` FROM `schema_migrations` ORDER BY `schema_migrations`.`version` ASC[0m
Started GET "/" for 172.20.0.1 at 2019-09-23 17:13:57 +0000
Cannot render console from 172.20.0.1! Allowed networks: 127.0.0.0/127.255.255.255, ::1
  [1m[35m (0.8ms)[0m  [1m[35mSET NAMES utf8,  @@SESSION.sql_mode = CONCAT(CONCAT(@@sql_mode, ',STRICT_ALL_TABLES'), ',NO_AUTO_VALUE_ON_ZERO'),  @@SESSION.sql_auto_is_null = 0, @@SESSION.wait_timeout = 2147483[0m
  [1m[35m (0.3ms)[0m  [1m[34mSELECT `schema_migrations`.`version` FROM `schema_migrations` ORDER BY `schema_migrations`.`version` ASC[0m
  
ActionController::RoutingError (uninitialized constant ShortUrlsControllerController):
  
activesupport (6.0.0) lib/active_support/inflector/methods.rb:282:in `const_get'
activesupport (6.0.0) lib/active_support/inflector/methods.rb:282:in `block in constantize'
activesupport (6.0.0) lib/active_support/inflector/methods.rb:280:in `each'
activesupport (6.0.0) lib/active_support/inflector/methods.rb:280:in `inject'
activesupport (6.0.0) lib/active_support/inflector/methods.rb:280:in `constantize'
activesupport (6.0.0) lib/active_support/dependencies/zeitwerk_integration.rb:19:in `constantize'
actionpack (6.0.0) lib/action_dispatch/http/request.rb:88:in `controller_class_for'
actionpack (6.0.0) lib/action_dispatch/http/request.rb:81:in `controller_class'
actionpack (6.0.0) lib/action_dispatch/routing/route_set.rb:45:in `controller'
actionpack (6.0.0) lib/action_dispatch/routing/route_set.rb:31:in `serve'
actionpack (6.0.0) lib/action_dispatch/journey/router.rb:49:in `block in serve'
actionpack (6.0.0) lib/action_dispatch/journey/router.rb:32:in `each'
actionpack (6.0.0) lib/action_dispatch/journey/router.rb:32:in `serve'
actionpack (6.0.0) lib/action_dispatch/routing/route_set.rb:837:in `call'
rack (2.0.7) lib/rack/tempfile_reaper.rb:15:in `call'
rack (2.0.7) lib/rack/etag.rb:25:in `call'
rack (2.0.7) lib/rack/conditional_get.rb:25:in `call'
rack (2.0.7) lib/rack/head.rb:12:in `call'
actionpack (6.0.0) lib/action_dispatch/http/content_security_policy.rb:18:in `call'
rack (2.0.7) lib/rack/session/abstract/id.rb:232:in `context'
rack (2.0.7) lib/rack/session/abstract/id.rb:226:in `call'
actionpack (6.0.0) lib/action_dispatch/middleware/cookies.rb:648:in `call'
activerecord (6.0.0) lib/active_record/migration.rb:567:in `call'
actionpack (6.0.0) lib/action_dispatch/middleware/callbacks.rb:27:in `block in call'
activesupport (6.0.0) lib/active_support/callbacks.rb:101:in `run_callbacks'
actionpack (6.0.0) lib/action_dispatch/middleware/callbacks.rb:26:in `call'
actionpack (6.0.0) lib/action_dispatch/middleware/executor.rb:14:in `call'
actionpack (6.0.0) lib/action_dispatch/middleware/actionable_exceptions.rb:17:in `call'
actionpack (6.0.0) lib/action_dispatch/middleware/debug_exceptions.rb:32:in `call'
web-console (4.0.1) lib/web_console/middleware.rb:132:in `call_app'
web-console (4.0.1) lib/web_console/middleware.rb:19:in `block in call'
web-console (4.0.1) lib/web_console/middleware.rb:17:in `catch'
web-console (4.0.1) lib/web_console/middleware.rb:17:in `call'
actionpack (6.0.0) lib/action_dispatch/middleware/show_exceptions.rb:33:in `call'
railties (6.0.0) lib/rails/rack/logger.rb:38:in `call_app'
railties (6.0.0) lib/rails/rack/logger.rb:26:in `block in call'
activesupport (6.0.0) lib/active_support/tagged_logging.rb:80:in `block in tagged'
activesupport (6.0.0) lib/active_support/tagged_logging.rb:28:in `tagged'
activesupport (6.0.0) lib/active_support/tagged_logging.rb:80:in `tagged'
railties (6.0.0) lib/rails/rack/logger.rb:26:in `call'
sprockets-rails (3.2.1) lib/sprockets/rails/quiet_assets.rb:13:in `call'
actionpack (6.0.0) lib/action_dispatch/middleware/remote_ip.rb:81:in `call'
actionpack (6.0.0) lib/action_dispatch/middleware/request_id.rb:27:in `call'
rack (2.0.7) lib/rack/method_override.rb:22:in `call'
rack (2.0.7) lib/rack/runtime.rb:22:in `call'
activesupport (6.0.0) lib/active_support/cache/strategy/local_cache_middleware.rb:29:in `call'
actionpack (6.0.0) lib/action_dispatch/middleware/executor.rb:14:in `call'
actionpack (6.0.0) lib/action_dispatch/middleware/static.rb:126:in `call'
rack (2.0.7) lib/rack/sendfile.rb:111:in `call'
actionpack (6.0.0) lib/action_dispatch/middleware/host_authorization.rb:83:in `call'
webpacker (4.0.7) lib/webpacker/dev_server_proxy.rb:29:in `perform_request'
rack-proxy (0.6.5) lib/rack/proxy.rb:57:in `call'
railties (6.0.0) lib/rails/engine.rb:526:in `call'
puma (3.12.1) lib/puma/configuration.rb:227:in `call'
puma (3.12.1) lib/puma/server.rb:660:in `handle_request'
puma (3.12.1) lib/puma/server.rb:474:in `process_client'
puma (3.12.1) lib/puma/server.rb:334:in `block in run'
puma (3.12.1) lib/puma/thread_pool.rb:135:in `block in spawn_thread'
Started GET "/" for 172.20.0.1 at 2019-09-23 17:15:09 +0000
Cannot render console from 172.20.0.1! Allowed networks: 127.0.0.0/127.255.255.255, ::1
  
ActionController::RoutingError (uninitialized constant ShortUrlsControllerController):
  
activesupport (6.0.0) lib/active_support/inflector/methods.rb:282:in `const_get'
activesupport (6.0.0) lib/active_support/inflector/methods.rb:282:in `block in constantize'
activesupport (6.0.0) lib/active_support/inflector/methods.rb:280:in `each'
activesupport (6.0.0) lib/active_support/inflector/methods.rb:280:in `inject'
activesupport (6.0.0) lib/active_support/inflector/methods.rb:280:in `constantize'
activesupport (6.0.0) lib/active_support/dependencies/zeitwerk_integration.rb:19:in `constantize'
actionpack (6.0.0) lib/action_dispatch/http/request.rb:88:in `controller_class_for'
actionpack (6.0.0) lib/action_dispatch/http/request.rb:81:in `controller_class'
actionpack (6.0.0) lib/action_dispatch/routing/route_set.rb:45:in `controller'
actionpack (6.0.0) lib/action_dispatch/routing/route_set.rb:31:in `serve'
actionpack (6.0.0) lib/action_dispatch/journey/router.rb:49:in `block in serve'
actionpack (6.0.0) lib/action_dispatch/journey/router.rb:32:in `each'
actionpack (6.0.0) lib/action_dispatch/journey/router.rb:32:in `serve'
actionpack (6.0.0) lib/action_dispatch/routing/route_set.rb:837:in `call'
rack (2.0.7) lib/rack/tempfile_reaper.rb:15:in `call'
rack (2.0.7) lib/rack/etag.rb:25:in `call'
rack (2.0.7) lib/rack/conditional_get.rb:25:in `call'
rack (2.0.7) lib/rack/head.rb:12:in `call'
actionpack (6.0.0) lib/action_dispatch/http/content_security_policy.rb:18:in `call'
rack (2.0.7) lib/rack/session/abstract/id.rb:232:in `context'
rack (2.0.7) lib/rack/session/abstract/id.rb:226:in `call'
actionpack (6.0.0) lib/action_dispatch/middleware/cookies.rb:648:in `call'
activerecord (6.0.0) lib/active_record/migration.rb:567:in `call'
actionpack (6.0.0) lib/action_dispatch/middleware/callbacks.rb:27:in `block in call'
activesupport (6.0.0) lib/active_support/callbacks.rb:101:in `run_callbacks'
actionpack (6.0.0) lib/action_dispatch/middleware/callbacks.rb:26:in `call'
actionpack (6.0.0) lib/action_dispatch/middleware/executor.rb:14:in `call'
actionpack (6.0.0) lib/action_dispatch/middleware/actionable_exceptions.rb:17:in `call'
actionpack (6.0.0) lib/action_dispatch/middleware/debug_exceptions.rb:32:in `call'
web-console (4.0.1) lib/web_console/middleware.rb:132:in `call_app'
web-console (4.0.1) lib/web_console/middleware.rb:19:in `block in call'
web-console (4.0.1) lib/web_console/middleware.rb:17:in `catch'
web-console (4.0.1) lib/web_console/middleware.rb:17:in `call'
actionpack (6.0.0) lib/action_dispatch/middleware/show_exceptions.rb:33:in `call'
railties (6.0.0) lib/rails/rack/logger.rb:38:in `call_app'
railties (6.0.0) lib/rails/rack/logger.rb:26:in `block in call'
activesupport (6.0.0) lib/active_support/tagged_logging.rb:80:in `block in tagged'
activesupport (6.0.0) lib/active_support/tagged_logging.rb:28:in `tagged'
activesupport (6.0.0) lib/active_support/tagged_logging.rb:80:in `tagged'
railties (6.0.0) lib/rails/rack/logger.rb:26:in `call'
sprockets-rails (3.2.1) lib/sprockets/rails/quiet_assets.rb:13:in `call'
actionpack (6.0.0) lib/action_dispatch/middleware/remote_ip.rb:81:in `call'
actionpack (6.0.0) lib/action_dispatch/middleware/request_id.rb:27:in `call'
rack (2.0.7) lib/rack/method_override.rb:22:in `call'
rack (2.0.7) lib/rack/runtime.rb:22:in `call'
activesupport (6.0.0) lib/active_support/cache/strategy/local_cache_middleware.rb:29:in `call'
actionpack (6.0.0) lib/action_dispatch/middleware/executor.rb:14:in `call'
actionpack (6.0.0) lib/action_dispatch/middleware/static.rb:126:in `call'
rack (2.0.7) lib/rack/sendfile.rb:111:in `call'
actionpack (6.0.0) lib/action_dispatch/middleware/host_authorization.rb:83:in `call'
webpacker (4.0.7) lib/webpacker/dev_server_proxy.rb:29:in `perform_request'
rack-proxy (0.6.5) lib/rack/proxy.rb:57:in `call'
railties (6.0.0) lib/rails/engine.rb:526:in `call'
puma (3.12.1) lib/puma/configuration.rb:227:in `call'
puma (3.12.1) lib/puma/server.rb:660:in `handle_request'
puma (3.12.1) lib/puma/server.rb:474:in `process_client'
puma (3.12.1) lib/puma/server.rb:334:in `block in run'
puma (3.12.1) lib/puma/thread_pool.rb:135:in `block in spawn_thread'
Started GET "/" for 172.20.0.1 at 2019-09-23 17:15:38 +0000
Cannot render console from 172.20.0.1! Allowed networks: 127.0.0.0/127.255.255.255, ::1
  
ArgumentError (Missing :action key on routes definition, please check your routes.):
  
config/routes.rb:5:in `block in <main>'
config/routes.rb:1:in `<main>'
Started GET "/" for 172.20.0.1 at 2019-09-23 17:15:49 +0000
Cannot render console from 172.20.0.1! Allowed networks: 127.0.0.0/127.255.255.255, ::1
Processing by ShortUrlsController#index as */*
  [1m[36mShortUrl Load (1.5ms)[0m  [1m[34mSELECT `short_urls`.* FROM `short_urls` ORDER BY click_count DESC LIMIT 100[0m
  ↳ app/controllers/short_urls_controller.rb:4:in `map'
Completed 200 OK in 44ms (Views: 0.3ms | ActiveRecord: 5.5ms | Allocations: 2124)


Started POST "/short_url.json" for 172.20.0.1 at 2019-09-23 17:16:40 +0000
Cannot render console from 172.20.0.1! Allowed networks: 127.0.0.0/127.255.255.255, ::1
  
ActionController::RoutingError (No route matches [POST] "/short_url.json"):
  
actionpack (6.0.0) lib/action_dispatch/middleware/debug_exceptions.rb:36:in `call'
web-console (4.0.1) lib/web_console/middleware.rb:132:in `call_app'
web-console (4.0.1) lib/web_console/middleware.rb:19:in `block in call'
web-console (4.0.1) lib/web_console/middleware.rb:17:in `catch'
web-console (4.0.1) lib/web_console/middleware.rb:17:in `call'
actionpack (6.0.0) lib/action_dispatch/middleware/show_exceptions.rb:33:in `call'
railties (6.0.0) lib/rails/rack/logger.rb:38:in `call_app'
railties (6.0.0) lib/rails/rack/logger.rb:26:in `block in call'
activesupport (6.0.0) lib/active_support/tagged_logging.rb:80:in `block in tagged'
activesupport (6.0.0) lib/active_support/tagged_logging.rb:28:in `tagged'
activesupport (6.0.0) lib/active_support/tagged_logging.rb:80:in `tagged'
railties (6.0.0) lib/rails/rack/logger.rb:26:in `call'
sprockets-rails (3.2.1) lib/sprockets/rails/quiet_assets.rb:13:in `call'
actionpack (6.0.0) lib/action_dispatch/middleware/remote_ip.rb:81:in `call'
actionpack (6.0.0) lib/action_dispatch/middleware/request_id.rb:27:in `call'
rack (2.0.7) lib/rack/method_override.rb:22:in `call'
rack (2.0.7) lib/rack/runtime.rb:22:in `call'
activesupport (6.0.0) lib/active_support/cache/strategy/local_cache_middleware.rb:29:in `call'
actionpack (6.0.0) lib/action_dispatch/middleware/executor.rb:14:in `call'
actionpack (6.0.0) lib/action_dispatch/middleware/static.rb:126:in `call'
rack (2.0.7) lib/rack/sendfile.rb:111:in `call'
actionpack (6.0.0) lib/action_dispatch/middleware/host_authorization.rb:83:in `call'
webpacker (4.0.7) lib/webpacker/dev_server_proxy.rb:29:in `perform_request'
rack-proxy (0.6.5) lib/rack/proxy.rb:57:in `call'
railties (6.0.0) lib/rails/engine.rb:526:in `call'
puma (3.12.1) lib/puma/configuration.rb:227:in `call'
puma (3.12.1) lib/puma/server.rb:660:in `handle_request'
puma (3.12.1) lib/puma/server.rb:474:in `process_client'
puma (3.12.1) lib/puma/server.rb:334:in `block in run'
puma (3.12.1) lib/puma/thread_pool.rb:135:in `block in spawn_thread'
Started POST "/short_url.json" for 172.20.0.1 at 2019-09-23 17:17:00 +0000
Cannot render console from 172.20.0.1! Allowed networks: 127.0.0.0/127.255.255.255, ::1
  
ActionController::RoutingError (No route matches [POST] "/short_url.json"):
  
actionpack (6.0.0) lib/action_dispatch/middleware/debug_exceptions.rb:36:in `call'
web-console (4.0.1) lib/web_console/middleware.rb:132:in `call_app'
web-console (4.0.1) lib/web_console/middleware.rb:19:in `block in call'
web-console (4.0.1) lib/web_console/middleware.rb:17:in `catch'
web-console (4.0.1) lib/web_console/middleware.rb:17:in `call'
actionpack (6.0.0) lib/action_dispatch/middleware/show_exceptions.rb:33:in `call'
railties (6.0.0) lib/rails/rack/logger.rb:38:in `call_app'
railties (6.0.0) lib/rails/rack/logger.rb:26:in `block in call'
activesupport (6.0.0) lib/active_support/tagged_logging.rb:80:in `block in tagged'
activesupport (6.0.0) lib/active_support/tagged_logging.rb:28:in `tagged'
activesupport (6.0.0) lib/active_support/tagged_logging.rb:80:in `tagged'
railties (6.0.0) lib/rails/rack/logger.rb:26:in `call'
sprockets-rails (3.2.1) lib/sprockets/rails/quiet_assets.rb:13:in `call'
actionpack (6.0.0) lib/action_dispatch/middleware/remote_ip.rb:81:in `call'
actionpack (6.0.0) lib/action_dispatch/middleware/request_id.rb:27:in `call'
rack (2.0.7) lib/rack/method_override.rb:22:in `call'
rack (2.0.7) lib/rack/runtime.rb:22:in `call'
activesupport (6.0.0) lib/active_support/cache/strategy/local_cache_middleware.rb:29:in `call'
actionpack (6.0.0) lib/action_dispatch/middleware/executor.rb:14:in `call'
actionpack (6.0.0) lib/action_dispatch/middleware/static.rb:126:in `call'
rack (2.0.7) lib/rack/sendfile.rb:111:in `call'
actionpack (6.0.0) lib/action_dispatch/middleware/host_authorization.rb:83:in `call'
webpacker (4.0.7) lib/webpacker/dev_server_proxy.rb:29:in `perform_request'
rack-proxy (0.6.5) lib/rack/proxy.rb:57:in `call'
railties (6.0.0) lib/rails/engine.rb:526:in `call'
puma (3.12.1) lib/puma/configuration.rb:227:in `call'
puma (3.12.1) lib/puma/server.rb:660:in `handle_request'
puma (3.12.1) lib/puma/server.rb:474:in `process_client'
puma (3.12.1) lib/puma/server.rb:334:in `block in run'
puma (3.12.1) lib/puma/thread_pool.rb:135:in `block in spawn_thread'
Started POST "/short_urls.json" for 172.20.0.1 at 2019-09-23 17:17:10 +0000
Cannot render console from 172.20.0.1! Allowed networks: 127.0.0.0/127.255.255.255, ::1
Processing by ShortUrlsController#create as JSON
  Parameters: {"full_url"=>"https://google.com"}
Can't verify CSRF token authenticity.
Completed 422 Unprocessable Entity in 3ms (ActiveRecord: 0.0ms | Allocations: 428)


  
ActionController::InvalidAuthenticityToken (ActionController::InvalidAuthenticityToken):
  
actionpack (6.0.0) lib/action_controller/metal/request_forgery_protection.rb:217:in `handle_unverified_request'
actionpack (6.0.0) lib/action_controller/metal/request_forgery_protection.rb:249:in `handle_unverified_request'
actionpack (6.0.0) lib/action_controller/metal/request_forgery_protection.rb:244:in `verify_authenticity_token'
activesupport (6.0.0) lib/active_support/callbacks.rb:429:in `block in make_lambda'
activesupport (6.0.0) lib/active_support/callbacks.rb:201:in `block (2 levels) in halting'
actionpack (6.0.0) lib/abstract_controller/callbacks.rb:34:in `block (2 levels) in <module:Callbacks>'
activesupport (6.0.0) lib/active_support/callbacks.rb:202:in `block in halting'
activesupport (6.0.0) lib/active_support/callbacks.rb:514:in `block in invoke_before'
activesupport (6.0.0) lib/active_support/callbacks.rb:514:in `each'
activesupport (6.0.0) lib/active_support/callbacks.rb:514:in `invoke_before'
activesupport (6.0.0) lib/active_support/callbacks.rb:134:in `run_callbacks'
actionpack (6.0.0) lib/abstract_controller/callbacks.rb:41:in `process_action'
actionpack (6.0.0) lib/action_controller/metal/rescue.rb:22:in `process_action'
actionpack (6.0.0) lib/action_controller/metal/instrumentation.rb:33:in `block in process_action'
activesupport (6.0.0) lib/active_support/notifications.rb:180:in `block in instrument'
activesupport (6.0.0) lib/active_support/notifications/instrumenter.rb:24:in `instrument'
activesupport (6.0.0) lib/active_support/notifications.rb:180:in `instrument'
actionpack (6.0.0) lib/action_controller/metal/instrumentation.rb:32:in `process_action'
actionpack (6.0.0) lib/action_controller/metal/params_wrapper.rb:245:in `process_action'
activerecord (6.0.0) lib/active_record/railties/controller_runtime.rb:27:in `process_action'
actionpack (6.0.0) lib/abstract_controller/base.rb:136:in `process'
actionview (6.0.0) lib/action_view/rendering.rb:39:in `process'
actionpack (6.0.0) lib/action_controller/metal.rb:191:in `dispatch'
actionpack (6.0.0) lib/action_controller/metal.rb:252:in `dispatch'
actionpack (6.0.0) lib/action_dispatch/routing/route_set.rb:51:in `dispatch'
actionpack (6.0.0) lib/action_dispatch/routing/route_set.rb:33:in `serve'
actionpack (6.0.0) lib/action_dispatch/journey/router.rb:49:in `block in serve'
actionpack (6.0.0) lib/action_dispatch/journey/router.rb:32:in `each'
actionpack (6.0.0) lib/action_dispatch/journey/router.rb:32:in `serve'
actionpack (6.0.0) lib/action_dispatch/routing/route_set.rb:837:in `call'
rack (2.0.7) lib/rack/tempfile_reaper.rb:15:in `call'
rack (2.0.7) lib/rack/etag.rb:25:in `call'
rack (2.0.7) lib/rack/conditional_get.rb:38:in `call'
rack (2.0.7) lib/rack/head.rb:12:in `call'
actionpack (6.0.0) lib/action_dispatch/http/content_security_policy.rb:18:in `call'
rack (2.0.7) lib/rack/session/abstract/id.rb:232:in `context'
rack (2.0.7) lib/rack/session/abstract/id.rb:226:in `call'
actionpack (6.0.0) lib/action_dispatch/middleware/cookies.rb:648:in `call'
activerecord (6.0.0) lib/active_record/migration.rb:567:in `call'
actionpack (6.0.0) lib/action_dispatch/middleware/callbacks.rb:27:in `block in call'
activesupport (6.0.0) lib/active_support/callbacks.rb:101:in `run_callbacks'
actionpack (6.0.0) lib/action_dispatch/middleware/callbacks.rb:26:in `call'
actionpack (6.0.0) lib/action_dispatch/middleware/executor.rb:14:in `call'
actionpack (6.0.0) lib/action_dispatch/middleware/actionable_exceptions.rb:17:in `call'
actionpack (6.0.0) lib/action_dispatch/middleware/debug_exceptions.rb:32:in `call'
web-console (4.0.1) lib/web_console/middleware.rb:132:in `call_app'
web-console (4.0.1) lib/web_console/middleware.rb:19:in `block in call'
web-console (4.0.1) lib/web_console/middleware.rb:17:in `catch'
web-console (4.0.1) lib/web_console/middleware.rb:17:in `call'
actionpack (6.0.0) lib/action_dispatch/middleware/show_exceptions.rb:33:in `call'
railties (6.0.0) lib/rails/rack/logger.rb:38:in `call_app'
railties (6.0.0) lib/rails/rack/logger.rb:26:in `block in call'
activesupport (6.0.0) lib/active_support/tagged_logging.rb:80:in `block in tagged'
activesupport (6.0.0) lib/active_support/tagged_logging.rb:28:in `tagged'
activesupport (6.0.0) lib/active_support/tagged_logging.rb:80:in `tagged'
railties (6.0.0) lib/rails/rack/logger.rb:26:in `call'
sprockets-rails (3.2.1) lib/sprockets/rails/quiet_assets.rb:13:in `call'
actionpack (6.0.0) lib/action_dispatch/middleware/remote_ip.rb:81:in `call'
actionpack (6.0.0) lib/action_dispatch/middleware/request_id.rb:27:in `call'
rack (2.0.7) lib/rack/method_override.rb:22:in `call'
rack (2.0.7) lib/rack/runtime.rb:22:in `call'
activesupport (6.0.0) lib/active_support/cache/strategy/local_cache_middleware.rb:29:in `call'
actionpack (6.0.0) lib/action_dispatch/middleware/executor.rb:14:in `call'
actionpack (6.0.0) lib/action_dispatch/middleware/static.rb:126:in `call'
rack (2.0.7) lib/rack/sendfile.rb:111:in `call'
actionpack (6.0.0) lib/action_dispatch/middleware/host_authorization.rb:83:in `call'
webpacker (4.0.7) lib/webpacker/dev_server_proxy.rb:29:in `perform_request'
rack-proxy (0.6.5) lib/rack/proxy.rb:57:in `call'
railties (6.0.0) lib/rails/engine.rb:526:in `call'
puma (3.12.1) lib/puma/configuration.rb:227:in `call'
puma (3.12.1) lib/puma/server.rb:660:in `handle_request'
puma (3.12.1) lib/puma/server.rb:474:in `process_client'
puma (3.12.1) lib/puma/server.rb:334:in `block in run'
puma (3.12.1) lib/puma/thread_pool.rb:135:in `block in spawn_thread'
Started POST "/short_urls.json" for 172.20.0.1 at 2019-09-23 17:18:03 +0000
Cannot render console from 172.20.0.1! Allowed networks: 127.0.0.0/127.255.255.255, ::1
Processing by ShortUrlsController#create as JSON
  Parameters: {"full_url"=>"https://google.com"}
[31mUnpermitted parameter: :format[0m
  [1m[35m (0.5ms)[0m  [1m[35mBEGIN[0m
  ↳ app/controllers/short_urls_controller.rb:13:in `create'
  [1m[36mShortUrl Create (2.6ms)[0m  [1m[32mINSERT INTO `short_urls` (`full_url`, `created_at`, `updated_at`) VALUES ('https://google.com', '2019-09-23 17:18:03.885598', '2019-09-23 17:18:03.885598')[0m
  ↳ app/controllers/short_urls_controller.rb:13:in `create'
  [1m[35m (4.4ms)[0m  [1m[35mCOMMIT[0m
  ↳ app/controllers/short_urls_controller.rb:13:in `create'
Completed 200 OK in 82ms (Views: 0.3ms | ActiveRecord: 16.6ms | Allocations: 6654)


Started GET "/" for 172.20.0.1 at 2019-09-23 17:19:17 +0000
Cannot render console from 172.20.0.1! Allowed networks: 127.0.0.0/127.255.255.255, ::1
Processing by ShortUrlsController#index as */*
  [1m[36mShortUrl Load (1.1ms)[0m  [1m[34mSELECT `short_urls`.* FROM `short_urls` ORDER BY click_count DESC LIMIT 100[0m
  ↳ app/controllers/short_urls_controller.rb:7:in `map'
Completed 200 OK in 63ms (Views: 0.4ms | ActiveRecord: 9.6ms | Allocations: 4562)


Started HEAD "/1" for 172.20.0.1 at 2019-09-23 17:19:29 +0000
Cannot render console from 172.20.0.1! Allowed networks: 127.0.0.0/127.255.255.255, ::1
Processing by ShortUrlsController#show as */*
  Parameters: {"short_code"=>"1"}
Completed 500 Internal Server Error in 12ms (ActiveRecord: 0.0ms | Allocations: 1499)


  
ActionView::MissingTemplate (Missing template short_urls/show, application/show with {:locale=>[:en], :formats=>[:html], :variants=>[], :handlers=>[:raw, :erb, :html, :builder, :ruby, :jbuilder]}. Searched in:
  * "/app/app/views"
  * "/usr/local/bundle/gems/actiontext-6.0.0/app/views"
  * "/usr/local/bundle/gems/actionmailbox-6.0.0/app/views"
):
  
app/controllers/short_urls_controller.rb:31:in `block (2 levels) in show'
app/controllers/short_urls_controller.rb:30:in `show'
Started HEAD "/1" for 172.20.0.1 at 2019-09-23 17:20:21 +0000
Cannot render console from 172.20.0.1! Allowed networks: 127.0.0.0/127.255.255.255, ::1
Processing by ShortUrlsController#show as */*
  Parameters: {"short_code"=>"1"}
Completed 500 Internal Server Error in 19ms (ActiveRecord: 0.0ms | Allocations: 1416)


  
ActionView::MissingTemplate (Missing template short_urls/show, application/show with {:locale=>[:en], :formats=>[:html], :variants=>[], :handlers=>[:raw, :erb, :html, :builder, :ruby, :jbuilder]}. Searched in:
  * "/app/app/views"
  * "/usr/local/bundle/gems/actiontext-6.0.0/app/views"
  * "/usr/local/bundle/gems/actionmailbox-6.0.0/app/views"
):
  
app/controllers/short_urls_controller.rb:31:in `block (2 levels) in show'
app/controllers/short_urls_controller.rb:30:in `show'
Started GET "/" for 172.20.0.1 at 2019-09-23 17:20:26 +0000
Cannot render console from 172.20.0.1! Allowed networks: 127.0.0.0/127.255.255.255, ::1
Processing by ShortUrlsController#index as */*
  [1m[36mShortUrl Load (1.4ms)[0m  [1m[34mSELECT `short_urls`.* FROM `short_urls` ORDER BY click_count DESC LIMIT 100[0m
  ↳ app/controllers/short_urls_controller.rb:7:in `map'
Completed 200 OK in 27ms (Views: 0.4ms | ActiveRecord: 6.7ms | Allocations: 3999)


Started HEAD "/1" for 172.20.0.1 at 2019-09-23 17:20:58 +0000
Cannot render console from 172.20.0.1! Allowed networks: 127.0.0.0/127.255.255.255, ::1
Processing by ShortUrlsController#show as */*
  Parameters: {"id"=>"1"}
  [1m[36mShortUrl Load (1.0ms)[0m  [1m[34mSELECT `short_urls`.* FROM `short_urls` WHERE `short_urls`.`id` = 1 LIMIT 1[0m
  ↳ app/models/short_url.rb:19:in `find_by_short_code'
  [1m[35m (0.5ms)[0m  [1m[35mBEGIN[0m
  ↳ app/controllers/short_urls_controller.rb:27:in `show'
  [1m[36mShortUrl Update (0.8ms)[0m  [1m[33mUPDATE `short_urls` SET `short_urls`.`click_count` = 1, `short_urls`.`updated_at` = '2019-09-23 17:20:58.412905' WHERE `short_urls`.`id` = 1[0m
  ↳ app/controllers/short_urls_controller.rb:27:in `show'
  [1m[35m (6.3ms)[0m  [1m[35mCOMMIT[0m
  ↳ app/controllers/short_urls_controller.rb:27:in `show'
Redirected to https://google.com
Completed 302 Found in 90ms (ActiveRecord: 13.8ms | Allocations: 7070)


Started GET "/" for 172.20.0.1 at 2019-09-23 17:21:18 +0000
Cannot render console from 172.20.0.1! Allowed networks: 127.0.0.0/127.255.255.255, ::1
Processing by ShortUrlsController#index as */*
  [1m[36mShortUrl Load (1.5ms)[0m  [1m[34mSELECT `short_urls`.* FROM `short_urls` ORDER BY click_count DESC LIMIT 100[0m
  ↳ app/controllers/short_urls_controller.rb:7:in `map'
Completed 200 OK in 10ms (Views: 0.3ms | ActiveRecord: 1.5ms | Allocations: 894)


Started HEAD "/1" for 172.20.0.1 at 2019-09-23 17:21:23 +0000
Cannot render console from 172.20.0.1! Allowed networks: 127.0.0.0/127.255.255.255, ::1
Processing by ShortUrlsController#show as */*
  Parameters: {"id"=>"1"}
  [1m[36mShortUrl Load (3.6ms)[0m  [1m[34mSELECT `short_urls`.* FROM `short_urls` WHERE `short_urls`.`id` = 1 LIMIT 1[0m
  ↳ app/models/short_url.rb:19:in `find_by_short_code'
  [1m[35m (0.6ms)[0m  [1m[35mBEGIN[0m
  ↳ app/controllers/short_urls_controller.rb:27:in `show'
  [1m[36mShortUrl Update (0.9ms)[0m  [1m[33mUPDATE `short_urls` SET `short_urls`.`click_count` = 2, `short_urls`.`updated_at` = '2019-09-23 17:21:23.756722' WHERE `short_urls`.`id` = 1[0m
  ↳ app/controllers/short_urls_controller.rb:27:in `show'
  [1m[35m (4.4ms)[0m  [1m[35mCOMMIT[0m
  ↳ app/controllers/short_urls_controller.rb:27:in `show'
Redirected to https://google.com
Completed 302 Found in 52ms (ActiveRecord: 9.5ms | Allocations: 2881)


Started HEAD "/2" for 172.20.0.1 at 2019-09-23 17:21:25 +0000
Cannot render console from 172.20.0.1! Allowed networks: 127.0.0.0/127.255.255.255, ::1
Processing by ShortUrlsController#show as */*
  Parameters: {"id"=>"2"}
  [1m[36mShortUrl Load (1.6ms)[0m  [1m[34mSELECT `short_urls`.* FROM `short_urls` WHERE `short_urls`.`id` = 2 LIMIT 1[0m
  ↳ app/models/short_url.rb:19:in `find_by_short_code'
Completed 500 Internal Server Error in 22ms (ActiveRecord: 1.6ms | Allocations: 1447)


  
ActionView::MissingTemplate (Missing template short_urls/show, application/show with {:locale=>[:en], :formats=>[:html], :variants=>[], :handlers=>[:raw, :erb, :html, :builder, :ruby, :jbuilder]}. Searched in:
  * "/app/app/views"
  * "/usr/local/bundle/gems/actiontext-6.0.0/app/views"
  * "/usr/local/bundle/gems/actionmailbox-6.0.0/app/views"
):
  
app/controllers/short_urls_controller.rb:31:in `block (2 levels) in show'
app/controllers/short_urls_controller.rb:30:in `show'
Started HEAD "/2" for 172.20.0.1 at 2019-09-23 17:21:56 +0000
Cannot render console from 172.20.0.1! Allowed networks: 127.0.0.0/127.255.255.255, ::1
Processing by ShortUrlsController#show as */*
  Parameters: {"id"=>"2"}
  [1m[36mShortUrl Load (0.4ms)[0m  [1m[34mSELECT `short_urls`.* FROM `short_urls` WHERE `short_urls`.`id` = 2 LIMIT 1[0m
  ↳ app/models/short_url.rb:19:in `find_by_short_code'
Completed 404 Not Found in 34ms (Views: 0.3ms | ActiveRecord: 2.8ms | Allocations: 1789)


Started GET "/2" for 172.20.0.1 at 2019-09-23 17:22:05 +0000
Cannot render console from 172.20.0.1! Allowed networks: 127.0.0.0/127.255.255.255, ::1
Processing by ShortUrlsController#show as */*
  Parameters: {"id"=>"2"}
  [1m[36mShortUrl Load (1.2ms)[0m  [1m[34mSELECT `short_urls`.* FROM `short_urls` WHERE `short_urls`.`id` = 2 LIMIT 1[0m
  ↳ app/models/short_url.rb:19:in `find_by_short_code'
Completed 404 Not Found in 13ms (Views: 1.0ms | ActiveRecord: 1.2ms | Allocations: 760)


Started GET "/1" for 172.20.0.1 at 2019-09-23 17:22:34 +0000
Cannot render console from 172.20.0.1! Allowed networks: 127.0.0.0/127.255.255.255, ::1
Processing by ShortUrlsController#show as */*
  Parameters: {"id"=>"1"}
  [1m[36mShortUrl Load (1.5ms)[0m  [1m[34mSELECT `short_urls`.* FROM `short_urls` WHERE `short_urls`.`id` = 1 LIMIT 1[0m
  ↳ app/models/short_url.rb:19:in `find_by_short_code'
  [1m[35m (0.4ms)[0m  [1m[35mBEGIN[0m
  ↳ app/controllers/short_urls_controller.rb:27:in `show'
  [1m[36mShortUrl Update (0.6ms)[0m  [1m[33mUPDATE `short_urls` SET `short_urls`.`click_count` = 3, `short_urls`.`updated_at` = '2019-09-23 17:22:34.911141' WHERE `short_urls`.`id` = 1[0m
  ↳ app/controllers/short_urls_controller.rb:27:in `show'
  [1m[35m (47.6ms)[0m  [1m[35mCOMMIT[0m
  ↳ app/controllers/short_urls_controller.rb:27:in `show'
Redirected to https://google.com
Completed 302 Found in 142ms (ActiveRecord: 55.6ms | Allocations: 6706)


Started GET "/1" for 172.20.0.1 at 2019-09-23 17:22:47 +0000
Cannot render console from 172.20.0.1! Allowed networks: 127.0.0.0/127.255.255.255, ::1
Processing by ShortUrlsController#show as */*
  Parameters: {"id"=>"1"}
  [1m[36mShortUrl Load (1.1ms)[0m  [1m[34mSELECT `short_urls`.* FROM `short_urls` WHERE `short_urls`.`id` = 1 LIMIT 1[0m
  ↳ app/models/short_url.rb:19:in `find_by_short_code'
  [1m[35m (0.6ms)[0m  [1m[35mBEGIN[0m
  ↳ app/controllers/short_urls_controller.rb:27:in `show'
  [1m[36mShortUrl Update (3.3ms)[0m  [1m[33mUPDATE `short_urls` SET `short_urls`.`click_count` = 4, `short_urls`.`updated_at` = '2019-09-23 17:22:47.292036' WHERE `short_urls`.`id` = 1[0m
  ↳ app/controllers/short_urls_controller.rb:27:in `show'
  [1m[35m (4.0ms)[0m  [1m[35mCOMMIT[0m
  ↳ app/controllers/short_urls_controller.rb:27:in `show'
Redirected to https://google.com
Completed 302 Found in 99ms (ActiveRecord: 14.8ms | Allocations: 6705)


Started GET "/" for 172.20.0.1 at 2019-09-23 17:22:54 +0000
Cannot render console from 172.20.0.1! Allowed networks: 127.0.0.0/127.255.255.255, ::1
Processing by ShortUrlsController#index as */*
  [1m[36mShortUrl Load (4.6ms)[0m  [1m[34mSELECT `short_urls`.* FROM `short_urls` ORDER BY click_count DESC LIMIT 100[0m
  ↳ app/controllers/short_urls_controller.rb:7:in `map'
Completed 200 OK in 26ms (Views: 2.1ms | ActiveRecord: 4.6ms | Allocations: 881)


  [1m[35m (3.7ms)[0m  [1m[35mSET NAMES utf8,  @@SESSION.sql_mode = CONCAT(CONCAT(@@sql_mode, ',STRICT_ALL_TABLES'), ',NO_AUTO_VALUE_ON_ZERO'),  @@SESSION.sql_auto_is_null = 0, @@SESSION.wait_timeout = 2147483[0m
  [1m[35m (2.9ms)[0m  [1m[34mSELECT GET_LOCK('1889412250694455305', 0)[0m
  [1m[35m (1.5ms)[0m  [1m[34mSELECT `schema_migrations`.`version` FROM `schema_migrations` ORDER BY `schema_migrations`.`version` ASC[0m
Migrating to CreateShortUrls (20190923133432)
  [1m[35m (46.4ms)[0m  [1m[35mDROP TABLE `short_urls`[0m
  [1m[36mprimary::SchemaMigration Destroy (10.9ms)[0m  [1m[31mDELETE FROM `schema_migrations` WHERE `schema_migrations`.`version` = '20190923133432'[0m
  [1m[35m (1.1ms)[0m  [1m[34mSELECT RELEASE_LOCK('1889412250694455305')[0m
  [1m[35m (0.8ms)[0m  [1m[35mSET NAMES utf8,  @@SESSION.sql_mode = CONCAT(CONCAT(@@sql_mode, ',STRICT_ALL_TABLES'), ',NO_AUTO_VALUE_ON_ZERO'),  @@SESSION.sql_auto_is_null = 0, @@SESSION.wait_timeout = 2147483[0m
  [1m[35m (1.5ms)[0m  [1m[34mSELECT `schema_migrations`.`version` FROM `schema_migrations` ORDER BY `schema_migrations`.`version` ASC[0m
  [1m[35m (0.9ms)[0m  [1m[34mSELECT GET_LOCK('1889412250694455305', 0)[0m
  [1m[35m (0.5ms)[0m  [1m[34mSELECT `schema_migrations`.`version` FROM `schema_migrations` ORDER BY `schema_migrations`.`version` ASC[0m
Migrating to CreateShortUrls (20190923133432)
  [1m[35m (29.2ms)[0m  [1m[35mCREATE TABLE `short_urls` (`id` bigint NOT NULL AUTO_INCREMENT PRIMARY KEY, `full_url` varchar(255), `title` varchar(255), `click_count` int DEFAULT 0, `created_at` datetime(6) NOT NULL, `updated_at` datetime(6) NOT NULL,  INDEX `index_short_urls_on_full_url`  (`full_url`))[0m
  [1m[35m (3.9ms)[0m  [1m[35mBEGIN[0m
  [1m[36mprimary::SchemaMigration Create (10.1ms)[0m  [1m[32mINSERT INTO `schema_migrations` (`version`) VALUES ('20190923133432')[0m
  [1m[35m (12.0ms)[0m  [1m[35mCOMMIT[0m
  [1m[36mActiveRecord::InternalMetadata Load (0.8ms)[0m  [1m[34mSELECT `ar_internal_metadata`.* FROM `ar_internal_metadata` WHERE `ar_internal_metadata`.`key` = 'environment' LIMIT 1[0m
  [1m[35m (0.8ms)[0m  [1m[34mSELECT RELEASE_LOCK('1889412250694455305')[0m
  [1m[35m (0.8ms)[0m  [1m[35mSET NAMES utf8,  @@SESSION.sql_mode = CONCAT(CONCAT(@@sql_mode, ',STRICT_ALL_TABLES'), ',NO_AUTO_VALUE_ON_ZERO'),  @@SESSION.sql_auto_is_null = 0, @@SESSION.wait_timeout = 2147483[0m
  [1m[35m (1.8ms)[0m  [1m[34mSELECT `schema_migrations`.`version` FROM `schema_migrations` ORDER BY `schema_migrations`.`version` ASC[0m
Started GET "/" for 172.20.0.1 at 2019-09-23 18:07:50 +0000
Cannot render console from 172.20.0.1! Allowed networks: 127.0.0.0/127.255.255.255, ::1
  [1m[35m (22.4ms)[0m  [1m[35mSET NAMES utf8,  @@SESSION.sql_mode = CONCAT(CONCAT(@@sql_mode, ',STRICT_ALL_TABLES'), ',NO_AUTO_VALUE_ON_ZERO'),  @@SESSION.sql_auto_is_null = 0, @@SESSION.wait_timeout = 2147483[0m
  [1m[35m (0.4ms)[0m  [1m[34mSELECT `schema_migrations`.`version` FROM `schema_migrations` ORDER BY `schema_migrations`.`version` ASC[0m
Processing by ShortUrlsController#index as */*
  [1m[36mShortUrl Load (13.5ms)[0m  [1m[34mSELECT `short_urls`.* FROM `short_urls` ORDER BY click_count DESC LIMIT 100[0m
  ↳ app/controllers/short_urls_controller.rb:7:in `map'
Completed 200 OK in 84ms (Views: 0.4ms | ActiveRecord: 16.0ms | Allocations: 2350)


Started GET "/" for 172.21.0.1 at 2019-09-23 18:15:47 +0000
Cannot render console from 172.21.0.1! Allowed networks: 127.0.0.0/127.255.255.255, ::1
  [1m[35m (6.1ms)[0m  [1m[35mSET NAMES utf8,  @@SESSION.sql_mode = CONCAT(CONCAT(@@sql_mode, ',STRICT_ALL_TABLES'), ',NO_AUTO_VALUE_ON_ZERO'),  @@SESSION.sql_auto_is_null = 0, @@SESSION.wait_timeout = 2147483[0m
  [1m[35m (7.0ms)[0m  [1m[34mSELECT `schema_migrations`.`version` FROM `schema_migrations` ORDER BY `schema_migrations`.`version` ASC[0m
Processing by ShortUrlsController#index as */*
  [1m[36mShortUrl Load (3.2ms)[0m  [1m[34mSELECT `short_urls`.* FROM `short_urls` ORDER BY click_count DESC LIMIT 100[0m
  ↳ app/controllers/short_urls_controller.rb:7:in `map'
Completed 200 OK in 47ms (Views: 0.7ms | ActiveRecord: 5.8ms | Allocations: 2158)


Started GET "/" for 172.21.0.1 at 2019-09-23 18:15:59 +0000
Cannot render console from 172.21.0.1! Allowed networks: 127.0.0.0/127.255.255.255, ::1
Processing by ShortUrlsController#index as */*
  [1m[36mShortUrl Load (1.9ms)[0m  [1m[34mSELECT `short_urls`.* FROM `short_urls` ORDER BY click_count DESC LIMIT 100[0m
  ↳ app/controllers/short_urls_controller.rb:7:in `map'
Completed 200 OK in 31ms (Views: 0.3ms | ActiveRecord: 1.9ms | Allocations: 828)


Started POST "/short_urls.json" for 172.21.0.1 at 2019-09-23 18:16:40 +0000
Cannot render console from 172.21.0.1! Allowed networks: 127.0.0.0/127.255.255.255, ::1
Processing by ShortUrlsController#create as JSON
  Parameters: {"full_url"=>"https://www.beenverified.com/faq/"}
[31mUnpermitted parameter: :format[0m
  [1m[35m (0.6ms)[0m  [1m[35mBEGIN[0m
  ↳ app/controllers/short_urls_controller.rb:13:in `create'
  [1m[36mShortUrl Create (4.2ms)[0m  [1m[32mINSERT INTO `short_urls` (`full_url`, `created_at`, `updated_at`) VALUES ('https://www.beenverified.com/faq/', '2019-09-23 18:16:40.369194', '2019-09-23 18:16:40.369194')[0m
  ↳ app/controllers/short_urls_controller.rb:13:in `create'
  [1m[35m (8.6ms)[0m  [1m[31mROLLBACK[0m
  ↳ app/controllers/short_urls_controller.rb:13:in `create'
Completed 500 Internal Server Error in 80ms (ActiveRecord: 16.8ms | Allocations: 8857)


  
NameError (uninitialized constant #<Class:0x000055930a699dd8>::UpdateTitle
Did you mean?  UpdateTitleJob):
  
app/models/short_url.rb:59:in `update_title_in_background'
app/controllers/short_urls_controller.rb:13:in `create'
Started POST "/short_urls.json" for 172.21.0.1 at 2019-09-23 18:17:07 +0000
Cannot render console from 172.21.0.1! Allowed networks: 127.0.0.0/127.255.255.255, ::1
Processing by ShortUrlsController#create as JSON
  Parameters: {"full_url"=>"https://www.beenverified.com/faq/"}
[31mUnpermitted parameter: :format[0m
  [1m[35m (0.7ms)[0m  [1m[35mBEGIN[0m
  ↳ app/controllers/short_urls_controller.rb:13:in `create'
  [1m[36mShortUrl Create (2.2ms)[0m  [1m[32mINSERT INTO `short_urls` (`full_url`, `created_at`, `updated_at`) VALUES ('https://www.beenverified.com/faq/', '2019-09-23 18:17:07.510476', '2019-09-23 18:17:07.510476')[0m
  ↳ app/controllers/short_urls_controller.rb:13:in `create'
[ActiveJob] Enqueued UpdateTitleJob (Job ID: c70304c5-5fe7-405f-9774-800c092a0b15) to Resque(default) with arguments: 2
  [1m[35m (4.7ms)[0m  [1m[35mCOMMIT[0m
  ↳ app/controllers/short_urls_controller.rb:13:in `create'
Completed 200 OK in 270ms (Views: 0.2ms | ActiveRecord: 13.0ms | Allocations: 17855)


[ActiveJob] [UpdateTitleJob] [c70304c5-5fe7-405f-9774-800c092a0b15] Performing UpdateTitleJob (Job ID: c70304c5-5fe7-405f-9774-800c092a0b15) from Resque(default) enqueued at 2019-09-23T18:17:07Z with arguments: 2
[ActiveJob] [UpdateTitleJob] [c70304c5-5fe7-405f-9774-800c092a0b15]   [1m[35m (0.7ms)[0m  [1m[35mSET NAMES utf8,  @@SESSION.sql_mode = CONCAT(CONCAT(@@sql_mode, ',STRICT_ALL_TABLES'), ',NO_AUTO_VALUE_ON_ZERO'),  @@SESSION.sql_auto_is_null = 0, @@SESSION.wait_timeout = 2147483[0m
[ActiveJob] [UpdateTitleJob] [c70304c5-5fe7-405f-9774-800c092a0b15]   ↳ app/jobs/update_title_job.rb:5:in `perform'
[ActiveJob] [UpdateTitleJob] [c70304c5-5fe7-405f-9774-800c092a0b15]   [1m[36mShortUrl Load (0.9ms)[0m  [1m[34mSELECT `short_urls`.* FROM `short_urls` WHERE `short_urls`.`id` = 2 LIMIT 1[0m
[ActiveJob] [UpdateTitleJob] [c70304c5-5fe7-405f-9774-800c092a0b15]   ↳ app/jobs/update_title_job.rb:5:in `perform'
[ActiveJob] [UpdateTitleJob] [c70304c5-5fe7-405f-9774-800c092a0b15]   [1m[35m (0.5ms)[0m  [1m[35mBEGIN[0m
[ActiveJob] [UpdateTitleJob] [c70304c5-5fe7-405f-9774-800c092a0b15]   ↳ app/models/short_url.rb:51:in `update_title!'
[ActiveJob] [UpdateTitleJob] [c70304c5-5fe7-405f-9774-800c092a0b15]   [1m[36mShortUrl Update (4.7ms)[0m  [1m[33mUPDATE `short_urls` SET `short_urls`.`title` = 'Frequently Asked Questions | BeenVerified', `short_urls`.`updated_at` = '2019-09-23 18:17:10.305745' WHERE `short_urls`.`id` = 2[0m
[ActiveJob] [UpdateTitleJob] [c70304c5-5fe7-405f-9774-800c092a0b15]   ↳ app/models/short_url.rb:51:in `update_title!'
[ActiveJob] [UpdateTitleJob] [c70304c5-5fe7-405f-9774-800c092a0b15]   [1m[35m (5.6ms)[0m  [1m[35mCOMMIT[0m
[ActiveJob] [UpdateTitleJob] [c70304c5-5fe7-405f-9774-800c092a0b15]   ↳ app/models/short_url.rb:51:in `update_title!'
[ActiveJob] [UpdateTitleJob] [c70304c5-5fe7-405f-9774-800c092a0b15] Performed UpdateTitleJob (Job ID: c70304c5-5fe7-405f-9774-800c092a0b15) from Resque(default) in 340.12ms
Started GET "/" for 172.21.0.1 at 2019-09-23 18:17:26 +0000
Cannot render console from 172.21.0.1! Allowed networks: 127.0.0.0/127.255.255.255, ::1
Processing by ShortUrlsController#index as */*
  [1m[36mShortUrl Load (2.5ms)[0m  [1m[34mSELECT `short_urls`.* FROM `short_urls` ORDER BY click_count DESC LIMIT 100[0m
  ↳ app/controllers/short_urls_controller.rb:7:in `map'
Completed 200 OK in 16ms (Views: 0.5ms | ActiveRecord: 2.5ms | Allocations: 940)


Started POST "/short_urls.json" for 172.21.0.1 at 2019-09-23 18:17:43 +0000
Cannot render console from 172.21.0.1! Allowed networks: 127.0.0.0/127.255.255.255, ::1
Processing by ShortUrlsController#create as JSON
  Parameters: {"full_url"=>"https://www.beenverified.com/"}
[31mUnpermitted parameter: :format[0m
  [1m[35m (1.5ms)[0m  [1m[35mBEGIN[0m
  ↳ app/controllers/short_urls_controller.rb:13:in `create'
  [1m[36mShortUrl Create (2.5ms)[0m  [1m[32mINSERT INTO `short_urls` (`full_url`, `created_at`, `updated_at`) VALUES ('https://www.beenverified.com/', '2019-09-23 18:17:43.734958', '2019-09-23 18:17:43.734958')[0m
  ↳ app/controllers/short_urls_controller.rb:13:in `create'
[ActiveJob] Enqueued UpdateTitleJob (Job ID: a3e732d4-bb52-48b8-aec6-f7d6d77638cf) to Resque(default) with arguments: 3
  [1m[35m (2.4ms)[0m  [1m[35mCOMMIT[0m
  ↳ app/controllers/short_urls_controller.rb:13:in `create'
Completed 200 OK in 45ms (Views: 0.3ms | ActiveRecord: 6.5ms | Allocations: 2888)


[ActiveJob] [UpdateTitleJob] [a3e732d4-bb52-48b8-aec6-f7d6d77638cf] Performing UpdateTitleJob (Job ID: a3e732d4-bb52-48b8-aec6-f7d6d77638cf) from Resque(default) enqueued at 2019-09-23T18:17:43Z with arguments: 3
[ActiveJob] [UpdateTitleJob] [a3e732d4-bb52-48b8-aec6-f7d6d77638cf]   [1m[35m (0.6ms)[0m  [1m[35mSET NAMES utf8,  @@SESSION.sql_mode = CONCAT(CONCAT(@@sql_mode, ',STRICT_ALL_TABLES'), ',NO_AUTO_VALUE_ON_ZERO'),  @@SESSION.sql_auto_is_null = 0, @@SESSION.wait_timeout = 2147483[0m
[ActiveJob] [UpdateTitleJob] [a3e732d4-bb52-48b8-aec6-f7d6d77638cf]   ↳ app/jobs/update_title_job.rb:5:in `perform'
[ActiveJob] [UpdateTitleJob] [a3e732d4-bb52-48b8-aec6-f7d6d77638cf]   [1m[36mShortUrl Load (0.9ms)[0m  [1m[34mSELECT `short_urls`.* FROM `short_urls` WHERE `short_urls`.`id` = 3 LIMIT 1[0m
[ActiveJob] [UpdateTitleJob] [a3e732d4-bb52-48b8-aec6-f7d6d77638cf]   ↳ app/jobs/update_title_job.rb:5:in `perform'
[ActiveJob] [UpdateTitleJob] [a3e732d4-bb52-48b8-aec6-f7d6d77638cf]   [1m[35m (0.4ms)[0m  [1m[35mBEGIN[0m
[ActiveJob] [UpdateTitleJob] [a3e732d4-bb52-48b8-aec6-f7d6d77638cf]   ↳ app/models/short_url.rb:51:in `update_title!'
[ActiveJob] [UpdateTitleJob] [a3e732d4-bb52-48b8-aec6-f7d6d77638cf]   [1m[36mShortUrl Update (0.7ms)[0m  [1m[33mUPDATE `short_urls` SET `short_urls`.`title` = 'Background Checks, Public Records &amp; People Search | BeenVerified', `short_urls`.`updated_at` = '2019-09-23 18:17:46.212954' WHERE `short_urls`.`id` = 3[0m
[ActiveJob] [UpdateTitleJob] [a3e732d4-bb52-48b8-aec6-f7d6d77638cf]   ↳ app/models/short_url.rb:51:in `update_title!'
[ActiveJob] [UpdateTitleJob] [a3e732d4-bb52-48b8-aec6-f7d6d77638cf]   [1m[35m (3.6ms)[0m  [1m[35mCOMMIT[0m
[ActiveJob] [UpdateTitleJob] [a3e732d4-bb52-48b8-aec6-f7d6d77638cf]   ↳ app/models/short_url.rb:51:in `update_title!'
[ActiveJob] [UpdateTitleJob] [a3e732d4-bb52-48b8-aec6-f7d6d77638cf] Performed UpdateTitleJob (Job ID: a3e732d4-bb52-48b8-aec6-f7d6d77638cf) from Resque(default) in 326.68ms
Started GET "/" for 172.21.0.1 at 2019-09-23 18:17:49 +0000
Cannot render console from 172.21.0.1! Allowed networks: 127.0.0.0/127.255.255.255, ::1
Processing by ShortUrlsController#index as */*
  [1m[36mShortUrl Load (1.2ms)[0m  [1m[34mSELECT `short_urls`.* FROM `short_urls` ORDER BY click_count DESC LIMIT 100[0m
  ↳ app/controllers/short_urls_controller.rb:7:in `map'
Completed 200 OK in 10ms (Views: 0.4ms | ActiveRecord: 1.2ms | Allocations: 981)


  [1m[35m (0.6ms)[0m  [1m[35mSET NAMES utf8,  @@SESSION.sql_mode = CONCAT(CONCAT(@@sql_mode, ',STRICT_ALL_TABLES'), ',NO_AUTO_VALUE_ON_ZERO'),  @@SESSION.sql_auto_is_null = 0, @@SESSION.wait_timeout = 2147483[0m
  [1m[35m (0.6ms)[0m  [1m[35mCREATE DATABASE `short_development` DEFAULT CHARACTER SET `utf8`[0m
  [1m[35m (0.4ms)[0m  [1m[35mSET NAMES utf8,  @@SESSION.sql_mode = CONCAT(CONCAT(@@sql_mode, ',STRICT_ALL_TABLES'), ',NO_AUTO_VALUE_ON_ZERO'),  @@SESSION.sql_auto_is_null = 0, @@SESSION.wait_timeout = 2147483[0m
  [1m[35m (0.8ms)[0m  [1m[35mCREATE DATABASE `short_development` DEFAULT CHARACTER SET `utf8`[0m
  [1m[35m (0.4ms)[0m  [1m[35mSET NAMES utf8,  @@SESSION.sql_mode = CONCAT(CONCAT(@@sql_mode, ',STRICT_ALL_TABLES'), ',NO_AUTO_VALUE_ON_ZERO'),  @@SESSION.sql_auto_is_null = 0, @@SESSION.wait_timeout = 2147483[0m
  [1m[35m (0.7ms)[0m  [1m[35mSET NAMES utf8,  @@SESSION.sql_mode = CONCAT(CONCAT(@@sql_mode, ',STRICT_ALL_TABLES'), ',NO_AUTO_VALUE_ON_ZERO'),  @@SESSION.sql_auto_is_null = 0, @@SESSION.wait_timeout = 2147483[0m
  [1m[35m (5.6ms)[0m  [1m[35mCREATE TABLE `schema_migrations` (`version` varchar(255) NOT NULL PRIMARY KEY)[0m
  [1m[35m (5.4ms)[0m  [1m[35mCREATE TABLE `ar_internal_metadata` (`key` varchar(255) NOT NULL PRIMARY KEY, `value` varchar(255), `created_at` datetime(6) NOT NULL, `updated_at` datetime(6) NOT NULL)[0m
  [1m[35m (0.3ms)[0m  [1m[34mSELECT GET_LOCK('1889412250694455305', 0)[0m
  [1m[35m (1.1ms)[0m  [1m[34mSELECT `schema_migrations`.`version` FROM `schema_migrations` ORDER BY `schema_migrations`.`version` ASC[0m
Migrating to CreateShortUrls (20190923133432)
  [1m[35m (6.8ms)[0m  [1m[35mCREATE TABLE `short_urls` (`id` bigint NOT NULL AUTO_INCREMENT PRIMARY KEY, `title` varchar(255), `full_url` varchar(255) NOT NULL, `short_code` varchar(255) NOT NULL, `click_count` int DEFAULT 0, `created_at` datetime(6) NOT NULL, `updated_at` datetime(6) NOT NULL)[0m
  [1m[35m (4.6ms)[0m  [1m[35mCREATE UNIQUE INDEX `index_short_urls_on_short_code`  ON `short_urls` (`short_code`) [0m
  [1m[35m (4.1ms)[0m  [1m[35mCREATE UNIQUE INDEX `index_short_urls_on_full_url`  ON `short_urls` (`full_url`) [0m
  [1m[35m (0.4ms)[0m  [1m[35mBEGIN[0m
  [1m[36mprimary::SchemaMigration Create (1.0ms)[0m  [1m[32mINSERT INTO `schema_migrations` (`version`) VALUES ('20190923133432')[0m
  [1m[35m (0.8ms)[0m  [1m[35mCOMMIT[0m
  [1m[36mActiveRecord::InternalMetadata Load (0.4ms)[0m  [1m[34mSELECT `ar_internal_metadata`.* FROM `ar_internal_metadata` WHERE `ar_internal_metadata`.`key` = 'environment' LIMIT 1[0m
  [1m[35m (0.3ms)[0m  [1m[35mBEGIN[0m
  [1m[36mActiveRecord::InternalMetadata Create (0.4ms)[0m  [1m[32mINSERT INTO `ar_internal_metadata` (`key`, `value`, `created_at`, `updated_at`) VALUES ('environment', 'development', '2020-08-18 06:48:38.983075', '2020-08-18 06:48:38.983075')[0m
  [1m[35m (0.6ms)[0m  [1m[35mCOMMIT[0m
  [1m[35m (0.3ms)[0m  [1m[34mSELECT RELEASE_LOCK('1889412250694455305')[0m
  [1m[35m (0.4ms)[0m  [1m[35mSET NAMES utf8,  @@SESSION.sql_mode = CONCAT(CONCAT(@@sql_mode, ',STRICT_ALL_TABLES'), ',NO_AUTO_VALUE_ON_ZERO'),  @@SESSION.sql_auto_is_null = 0, @@SESSION.wait_timeout = 2147483[0m
  [1m[35m (0.4ms)[0m  [1m[34mSELECT `schema_migrations`.`version` FROM `schema_migrations` ORDER BY `schema_migrations`.`version` ASC[0m
  [1m[35m (0.7ms)[0m  [1m[35mSET NAMES utf8,  @@SESSION.sql_mode = CONCAT(CONCAT(@@sql_mode, ',STRICT_ALL_TABLES'), ',NO_AUTO_VALUE_ON_ZERO'),  @@SESSION.sql_auto_is_null = 0, @@SESSION.wait_timeout = 2147483[0m
  [1m[35m (0.6ms)[0m  [1m[34mSELECT `schema_migrations`.`version` FROM `schema_migrations` ORDER BY `schema_migrations`.`version` ASC[0m
  [1m[35m (0.5ms)[0m  [1m[34mSELECT `schema_migrations`.`version` FROM `schema_migrations` ORDER BY `schema_migrations`.`version` ASC[0m
  [1m[35m (0.4ms)[0m  [1m[34mSELECT `schema_migrations`.`version` FROM `schema_migrations` ORDER BY `schema_migrations`.`version` ASC[0m
  [1m[35m (0.3ms)[0m  [1m[34mSELECT GET_LOCK('1889412250694455305', 0)[0m
  [1m[35m (0.5ms)[0m  [1m[34mSELECT `schema_migrations`.`version` FROM `schema_migrations` ORDER BY `schema_migrations`.`version` ASC[0m
Migrating to CreateShortUrls (20190923133432)
  [1m[35m (3.4ms)[0m  [1m[35mDROP INDEX `index_short_urls_on_full_url` ON `short_urls`[0m
  [1m[35m (2.8ms)[0m  [1m[35mDROP INDEX `index_short_urls_on_short_code` ON `short_urls`[0m
  [1m[35m (2.5ms)[0m  [1m[35mDROP TABLE `short_urls`[0m
  [1m[36mprimary::SchemaMigration Destroy (6.1ms)[0m  [1m[31mDELETE FROM `schema_migrations` WHERE `schema_migrations`.`version` = '20190923133432'[0m
  [1m[35m (0.6ms)[0m  [1m[34mSELECT RELEASE_LOCK('1889412250694455305')[0m
  [1m[35m (0.4ms)[0m  [1m[35mSET NAMES utf8,  @@SESSION.sql_mode = CONCAT(CONCAT(@@sql_mode, ',STRICT_ALL_TABLES'), ',NO_AUTO_VALUE_ON_ZERO'),  @@SESSION.sql_auto_is_null = 0, @@SESSION.wait_timeout = 2147483[0m
  [1m[35m (0.4ms)[0m  [1m[34mSELECT `schema_migrations`.`version` FROM `schema_migrations` ORDER BY `schema_migrations`.`version` ASC[0m
  [1m[35m (1.0ms)[0m  [1m[35mSET NAMES utf8,  @@SESSION.sql_mode = CONCAT(CONCAT(@@sql_mode, ',STRICT_ALL_TABLES'), ',NO_AUTO_VALUE_ON_ZERO'),  @@SESSION.sql_auto_is_null = 0, @@SESSION.wait_timeout = 2147483[0m
  [1m[35m (0.3ms)[0m  [1m[34mSELECT GET_LOCK('1889412250694455305', 0)[0m
  [1m[35m (0.5ms)[0m  [1m[34mSELECT `schema_migrations`.`version` FROM `schema_migrations` ORDER BY `schema_migrations`.`version` ASC[0m
Migrating to CreateShortUrls (20190923133432)
  [1m[35m (6.2ms)[0m  [1m[35mCREATE TABLE `short_urls` (`id` bigint NOT NULL AUTO_INCREMENT PRIMARY KEY, `title` varchar(255), `full_url` varchar(255) NOT NULL, `code` varchar(255) NOT NULL, `click_count` int DEFAULT 0, `created_at` datetime(6) NOT NULL, `updated_at` datetime(6) NOT NULL)[0m
  [1m[35m (4.3ms)[0m  [1m[35mCREATE UNIQUE INDEX `index_short_urls_on_code`  ON `short_urls` (`code`) [0m
  [1m[35m (5.1ms)[0m  [1m[35mCREATE UNIQUE INDEX `index_short_urls_on_full_url`  ON `short_urls` (`full_url`) [0m
  [1m[35m (0.3ms)[0m  [1m[35mBEGIN[0m
  [1m[36mprimary::SchemaMigration Create (0.5ms)[0m  [1m[32mINSERT INTO `schema_migrations` (`version`) VALUES ('20190923133432')[0m
  [1m[35m (0.8ms)[0m  [1m[35mCOMMIT[0m
  [1m[36mActiveRecord::InternalMetadata Load (1.2ms)[0m  [1m[34mSELECT `ar_internal_metadata`.* FROM `ar_internal_metadata` WHERE `ar_internal_metadata`.`key` = 'environment' LIMIT 1[0m
  [1m[35m (0.6ms)[0m  [1m[34mSELECT RELEASE_LOCK('1889412250694455305')[0m
  [1m[35m (0.4ms)[0m  [1m[35mSET NAMES utf8,  @@SESSION.sql_mode = CONCAT(CONCAT(@@sql_mode, ',STRICT_ALL_TABLES'), ',NO_AUTO_VALUE_ON_ZERO'),  @@SESSION.sql_auto_is_null = 0, @@SESSION.wait_timeout = 2147483[0m
  [1m[35m (0.3ms)[0m  [1m[34mSELECT `schema_migrations`.`version` FROM `schema_migrations` ORDER BY `schema_migrations`.`version` ASC[0m
  [1m[35m (1.0ms)[0m  [1m[35mSET NAMES utf8,  @@SESSION.sql_mode = CONCAT(CONCAT(@@sql_mode, ',STRICT_ALL_TABLES'), ',NO_AUTO_VALUE_ON_ZERO'),  @@SESSION.sql_auto_is_null = 0, @@SESSION.wait_timeout = 2147483[0m
  [1m[35m (0.8ms)[0m  [1m[34mSELECT `schema_migrations`.`version` FROM `schema_migrations` ORDER BY `schema_migrations`.`version` ASC[0m
  [1m[35m (0.5ms)[0m  [1m[34mSELECT `schema_migrations`.`version` FROM `schema_migrations` ORDER BY `schema_migrations`.`version` ASC[0m
  [1m[35m (0.3ms)[0m  [1m[34mSELECT `schema_migrations`.`version` FROM `schema_migrations` ORDER BY `schema_migrations`.`version` ASC[0m
  [1m[35m (0.3ms)[0m  [1m[34mSELECT GET_LOCK('1889412250694455305', 0)[0m
  [1m[35m (0.3ms)[0m  [1m[34mSELECT `schema_migrations`.`version` FROM `schema_migrations` ORDER BY `schema_migrations`.`version` ASC[0m
Migrating to CreateShortUrls (20190923133432)
  [1m[35m (3.8ms)[0m  [1m[35mDROP INDEX `index_short_urls_on_full_url` ON `short_urls`[0m
  [1m[35m (3.4ms)[0m  [1m[35mDROP INDEX `index_short_urls_on_code` ON `short_urls`[0m
  [1m[35m (3.6ms)[0m  [1m[35mDROP TABLE `short_urls`[0m
  [1m[36mprimary::SchemaMigration Destroy (2.3ms)[0m  [1m[31mDELETE FROM `schema_migrations` WHERE `schema_migrations`.`version` = '20190923133432'[0m
  [1m[35m (0.9ms)[0m  [1m[34mSELECT RELEASE_LOCK('1889412250694455305')[0m
  [1m[35m (0.5ms)[0m  [1m[35mSET NAMES utf8,  @@SESSION.sql_mode = CONCAT(CONCAT(@@sql_mode, ',STRICT_ALL_TABLES'), ',NO_AUTO_VALUE_ON_ZERO'),  @@SESSION.sql_auto_is_null = 0, @@SESSION.wait_timeout = 2147483[0m
  [1m[35m (0.4ms)[0m  [1m[34mSELECT `schema_migrations`.`version` FROM `schema_migrations` ORDER BY `schema_migrations`.`version` ASC[0m
  [1m[35m (0.7ms)[0m  [1m[35mSET NAMES utf8,  @@SESSION.sql_mode = CONCAT(CONCAT(@@sql_mode, ',STRICT_ALL_TABLES'), ',NO_AUTO_VALUE_ON_ZERO'),  @@SESSION.sql_auto_is_null = 0, @@SESSION.wait_timeout = 2147483[0m
  [1m[35m (0.3ms)[0m  [1m[34mSELECT GET_LOCK('1889412250694455305', 0)[0m
  [1m[35m (0.6ms)[0m  [1m[34mSELECT `schema_migrations`.`version` FROM `schema_migrations` ORDER BY `schema_migrations`.`version` ASC[0m
Migrating to CreateShortUrls (20190923133432)
  [1m[35m (6.8ms)[0m  [1m[35mCREATE TABLE `short_urls` (`id` bigint NOT NULL AUTO_INCREMENT PRIMARY KEY, `title` varchar(255), `full_url` varchar(255) NOT NULL, `short_code` varchar(255) NOT NULL, `click_count` int DEFAULT 0, `created_at` datetime(6) NOT NULL, `updated_at` datetime(6) NOT NULL)[0m
  [1m[35m (4.8ms)[0m  [1m[35mCREATE UNIQUE INDEX `index_short_urls_on_short_code`  ON `short_urls` (`short_code`) [0m
  [1m[35m (5.4ms)[0m  [1m[35mCREATE UNIQUE INDEX `index_short_urls_on_full_url`  ON `short_urls` (`full_url`) [0m
  [1m[35m (0.5ms)[0m  [1m[35mBEGIN[0m
  [1m[36mprimary::SchemaMigration Create (0.4ms)[0m  [1m[32mINSERT INTO `schema_migrations` (`version`) VALUES ('20190923133432')[0m
  [1m[35m (0.8ms)[0m  [1m[35mCOMMIT[0m
  [1m[36mActiveRecord::InternalMetadata Load (0.8ms)[0m  [1m[34mSELECT `ar_internal_metadata`.* FROM `ar_internal_metadata` WHERE `ar_internal_metadata`.`key` = 'environment' LIMIT 1[0m
  [1m[35m (0.4ms)[0m  [1m[34mSELECT RELEASE_LOCK('1889412250694455305')[0m
  [1m[35m (0.4ms)[0m  [1m[35mSET NAMES utf8,  @@SESSION.sql_mode = CONCAT(CONCAT(@@sql_mode, ',STRICT_ALL_TABLES'), ',NO_AUTO_VALUE_ON_ZERO'),  @@SESSION.sql_auto_is_null = 0, @@SESSION.wait_timeout = 2147483[0m
  [1m[35m (1.1ms)[0m  [1m[34mSELECT `schema_migrations`.`version` FROM `schema_migrations` ORDER BY `schema_migrations`.`version` ASC[0m
Started POST "/short_urls.json" for 172.18.0.1 at 2020-08-18 08:39:00 +0000
Cannot render console from 172.18.0.1! Allowed networks: 127.0.0.0/127.255.255.255, ::1
  [1m[35m (0.6ms)[0m  [1m[35mSET NAMES utf8,  @@SESSION.sql_mode = CONCAT(CONCAT(@@sql_mode, ',STRICT_ALL_TABLES'), ',NO_AUTO_VALUE_ON_ZERO'),  @@SESSION.sql_auto_is_null = 0, @@SESSION.wait_timeout = 2147483[0m
  [1m[35m (0.8ms)[0m  [1m[34mSELECT `schema_migrations`.`version` FROM `schema_migrations` ORDER BY `schema_migrations`.`version` ASC[0m
Processing by ShortUrlsController#create as JSON
  Parameters: {"full_url"=>"https://google.com"}
No template found for ShortUrlsController#create, rendering head :no_content
Completed 204 No Content in 12ms (ActiveRecord: 0.0ms | Allocations: 1638)


